<?xml version="1.0" encoding="UTF-8"?>
<testsuite xmlns:xsi="http://www.w3.org/2001/XMLSchema-instance" xsi:noNamespaceSchemaLocation="https://maven.apache.org/surefire/maven-surefire-plugin/xsd/surefire-test-report.xsd" name="com.optum.grpcserver.GrpcServerApplicationTests" time="2.99" tests="1" errors="0" skipped="0" failures="0">
  <properties>
    <property name="java.specification.version" value="17"/>
    <property name="sun.cpu.isalist" value="amd64"/>
    <property name="sun.jnu.encoding" value="Cp1252"/>
    <property name="java.class.path" value="C:\Users\Komal Chauhan\Downloads\grpc\grpc-server\target\test-classes;C:\Users\Komal Chauhan\Downloads\grpc\grpc-server\target\classes;C:\Users\Komal Chauhan\.m2\repository\org\springframework\boot\spring-boot-starter\2.7.2\spring-boot-starter-2.7.2.jar;C:\Users\Komal Chauhan\.m2\repository\org\springframework\boot\spring-boot\2.7.2\spring-boot-2.7.2.jar;C:\Users\Komal Chauhan\.m2\repository\org\springframework\spring-context\5.3.22\spring-context-5.3.22.jar;C:\Users\Komal Chauhan\.m2\repository\org\springframework\spring-aop\5.3.22\spring-aop-5.3.22.jar;C:\Users\Komal Chauhan\.m2\repository\org\springframework\spring-beans\5.3.22\spring-beans-5.3.22.jar;C:\Users\Komal Chauhan\.m2\repository\org\springframework\spring-expression\5.3.22\spring-expression-5.3.22.jar;C:\Users\Komal Chauhan\.m2\repository\org\springframework\boot\spring-boot-autoconfigure\2.7.2\spring-boot-autoconfigure-2.7.2.jar;C:\Users\Komal Chauhan\.m2\repository\org\springframework\boot\spring-boot-starter-logging\2.7.2\spring-boot-starter-logging-2.7.2.jar;C:\Users\Komal Chauhan\.m2\repository\ch\qos\logback\logback-classic\1.2.11\logback-classic-1.2.11.jar;C:\Users\Komal Chauhan\.m2\repository\ch\qos\logback\logback-core\1.2.11\logback-core-1.2.11.jar;C:\Users\Komal Chauhan\.m2\repository\org\apache\logging\log4j\log4j-to-slf4j\2.17.2\log4j-to-slf4j-2.17.2.jar;C:\Users\Komal Chauhan\.m2\repository\org\apache\logging\log4j\log4j-api\2.17.2\log4j-api-2.17.2.jar;C:\Users\Komal Chauhan\.m2\repository\org\slf4j\jul-to-slf4j\1.7.36\jul-to-slf4j-1.7.36.jar;C:\Users\Komal Chauhan\.m2\repository\jakarta\annotation\jakarta.annotation-api\1.3.5\jakarta.annotation-api-1.3.5.jar;C:\Users\Komal Chauhan\.m2\repository\org\springframework\spring-core\5.3.22\spring-core-5.3.22.jar;C:\Users\Komal Chauhan\.m2\repository\org\springframework\spring-jcl\5.3.22\spring-jcl-5.3.22.jar;C:\Users\Komal Chauhan\.m2\repository\org\yaml\snakeyaml\1.30\snakeyaml-1.30.jar;C:\Users\Komal Chauhan\.m2\repository\org\springframework\boot\spring-boot-starter-test\2.7.2\spring-boot-starter-test-2.7.2.jar;C:\Users\Komal Chauhan\.m2\repository\org\springframework\boot\spring-boot-test\2.7.2\spring-boot-test-2.7.2.jar;C:\Users\Komal Chauhan\.m2\repository\org\springframework\boot\spring-boot-test-autoconfigure\2.7.2\spring-boot-test-autoconfigure-2.7.2.jar;C:\Users\Komal Chauhan\.m2\repository\com\jayway\jsonpath\json-path\2.7.0\json-path-2.7.0.jar;C:\Users\Komal Chauhan\.m2\repository\net\minidev\json-smart\2.4.8\json-smart-2.4.8.jar;C:\Users\Komal Chauhan\.m2\repository\net\minidev\accessors-smart\2.4.8\accessors-smart-2.4.8.jar;C:\Users\Komal Chauhan\.m2\repository\org\ow2\asm\asm\9.1\asm-9.1.jar;C:\Users\Komal Chauhan\.m2\repository\org\slf4j\slf4j-api\1.7.36\slf4j-api-1.7.36.jar;C:\Users\Komal Chauhan\.m2\repository\jakarta\xml\bind\jakarta.xml.bind-api\2.3.3\jakarta.xml.bind-api-2.3.3.jar;C:\Users\Komal Chauhan\.m2\repository\jakarta\activation\jakarta.activation-api\1.2.2\jakarta.activation-api-1.2.2.jar;C:\Users\Komal Chauhan\.m2\repository\org\assertj\assertj-core\3.22.0\assertj-core-3.22.0.jar;C:\Users\Komal Chauhan\.m2\repository\org\hamcrest\hamcrest\2.2\hamcrest-2.2.jar;C:\Users\Komal Chauhan\.m2\repository\org\junit\jupiter\junit-jupiter\5.8.2\junit-jupiter-5.8.2.jar;C:\Users\Komal Chauhan\.m2\repository\org\junit\jupiter\junit-jupiter-api\5.8.2\junit-jupiter-api-5.8.2.jar;C:\Users\Komal Chauhan\.m2\repository\org\opentest4j\opentest4j\1.2.0\opentest4j-1.2.0.jar;C:\Users\Komal Chauhan\.m2\repository\org\junit\platform\junit-platform-commons\1.8.2\junit-platform-commons-1.8.2.jar;C:\Users\Komal Chauhan\.m2\repository\org\apiguardian\apiguardian-api\1.1.2\apiguardian-api-1.1.2.jar;C:\Users\Komal Chauhan\.m2\repository\org\junit\jupiter\junit-jupiter-params\5.8.2\junit-jupiter-params-5.8.2.jar;C:\Users\Komal Chauhan\.m2\repository\org\junit\jupiter\junit-jupiter-engine\5.8.2\junit-jupiter-engine-5.8.2.jar;C:\Users\Komal Chauhan\.m2\repository\org\junit\platform\junit-platform-engine\1.8.2\junit-platform-engine-1.8.2.jar;C:\Users\Komal Chauhan\.m2\repository\org\mockito\mockito-core\4.5.1\mockito-core-4.5.1.jar;C:\Users\Komal Chauhan\.m2\repository\net\bytebuddy\byte-buddy\1.12.12\byte-buddy-1.12.12.jar;C:\Users\Komal Chauhan\.m2\repository\net\bytebuddy\byte-buddy-agent\1.12.12\byte-buddy-agent-1.12.12.jar;C:\Users\Komal Chauhan\.m2\repository\org\objenesis\objenesis\3.2\objenesis-3.2.jar;C:\Users\Komal Chauhan\.m2\repository\org\mockito\mockito-junit-jupiter\4.5.1\mockito-junit-jupiter-4.5.1.jar;C:\Users\Komal Chauhan\.m2\repository\org\skyscreamer\jsonassert\1.5.1\jsonassert-1.5.1.jar;C:\Users\Komal Chauhan\.m2\repository\com\vaadin\external\google\android-json\0.0.20131108.vaadin1\android-json-0.0.20131108.vaadin1.jar;C:\Users\Komal Chauhan\.m2\repository\org\springframework\spring-test\5.3.22\spring-test-5.3.22.jar;C:\Users\Komal Chauhan\.m2\repository\org\xmlunit\xmlunit-core\2.9.0\xmlunit-core-2.9.0.jar;C:\Users\Komal Chauhan\.m2\repository\io\grpc\grpc-stub\1.30.0\grpc-stub-1.30.0.jar;C:\Users\Komal Chauhan\.m2\repository\io\grpc\grpc-api\1.30.0\grpc-api-1.30.0.jar;C:\Users\Komal Chauhan\.m2\repository\io\grpc\grpc-context\1.30.0\grpc-context-1.30.0.jar;C:\Users\Komal Chauhan\.m2\repository\com\google\guava\guava\28.2-android\guava-28.2-android.jar;C:\Users\Komal Chauhan\.m2\repository\com\google\guava\failureaccess\1.0.1\failureaccess-1.0.1.jar;C:\Users\Komal Chauhan\.m2\repository\com\google\guava\listenablefuture\9999.0-empty-to-avoid-conflict-with-guava\listenablefuture-9999.0-empty-to-avoid-conflict-with-guava.jar;C:\Users\Komal Chauhan\.m2\repository\org\checkerframework\checker-compat-qual\2.5.5\checker-compat-qual-2.5.5.jar;C:\Users\Komal Chauhan\.m2\repository\com\google\j2objc\j2objc-annotations\1.3\j2objc-annotations-1.3.jar;C:\Users\Komal Chauhan\.m2\repository\com\google\errorprone\error_prone_annotations\2.3.4\error_prone_annotations-2.3.4.jar;C:\Users\Komal Chauhan\.m2\repository\org\codehaus\mojo\animal-sniffer-annotations\1.18\animal-sniffer-annotations-1.18.jar;C:\Users\Komal Chauhan\.m2\repository\com\google\code\findbugs\jsr305\3.0.2\jsr305-3.0.2.jar;C:\Users\Komal Chauhan\.m2\repository\io\grpc\grpc-protobuf\1.30.0\grpc-protobuf-1.30.0.jar;C:\Users\Komal Chauhan\.m2\repository\com\google\protobuf\protobuf-java\3.12.0\protobuf-java-3.12.0.jar;C:\Users\Komal Chauhan\.m2\repository\com\google\api\grpc\proto-google-common-protos\1.17.0\proto-google-common-protos-1.17.0.jar;C:\Users\Komal Chauhan\.m2\repository\io\grpc\grpc-protobuf-lite\1.30.0\grpc-protobuf-lite-1.30.0.jar;C:\Users\Komal Chauhan\.m2\repository\net\devh\grpc-spring-boot-starter\2.9.0.RELEASE\grpc-spring-boot-starter-2.9.0.RELEASE.jar;C:\Users\Komal Chauhan\.m2\repository\net\devh\grpc-server-spring-boot-starter\2.9.0.RELEASE\grpc-server-spring-boot-starter-2.9.0.RELEASE.jar;C:\Users\Komal Chauhan\.m2\repository\net\devh\grpc-server-spring-boot-autoconfigure\2.9.0.RELEASE\grpc-server-spring-boot-autoconfigure-2.9.0.RELEASE.jar;C:\Users\Komal Chauhan\.m2\repository\net\devh\grpc-common-spring-boot\2.9.0.RELEASE\grpc-common-spring-boot-2.9.0.RELEASE.jar;C:\Users\Komal Chauhan\.m2\repository\io\grpc\grpc-core\1.30.0\grpc-core-1.30.0.jar;C:\Users\Komal Chauhan\.m2\repository\com\google\code\gson\gson\2.9.0\gson-2.9.0.jar;C:\Users\Komal Chauhan\.m2\repository\com\google\android\annotations\4.1.1.4\annotations-4.1.1.4.jar;C:\Users\Komal Chauhan\.m2\repository\io\perfmark\perfmark-api\0.19.0\perfmark-api-0.19.0.jar;C:\Users\Komal Chauhan\.m2\repository\io\grpc\grpc-netty-shaded\1.30.0\grpc-netty-shaded-1.30.0.jar;C:\Users\Komal Chauhan\.m2\repository\io\grpc\grpc-services\1.30.0\grpc-services-1.30.0.jar;C:\Users\Komal Chauhan\.m2\repository\com\google\protobuf\protobuf-java-util\3.12.0\protobuf-java-util-3.12.0.jar;C:\Users\Komal Chauhan\.m2\repository\net\devh\grpc-client-spring-boot-starter\2.9.0.RELEASE\grpc-client-spring-boot-starter-2.9.0.RELEASE.jar;C:\Users\Komal Chauhan\.m2\repository\net\devh\grpc-client-spring-boot-autoconfigure\2.9.0.RELEASE\grpc-client-spring-boot-autoconfigure-2.9.0.RELEASE.jar;"/>
    <property name="java.vm.vendor" value="Oracle Corporation"/>
    <property name="sun.arch.data.model" value="64"/>
    <property name="user.variant" value=""/>
    <property name="java.vendor.url" value="https://java.oracle.com/"/>
    <property name="user.timezone" value="Asia/Calcutta"/>
    <property name="os.name" value="Windows 11"/>
    <property name="java.vm.specification.version" value="17"/>
    <property name="sun.java.launcher" value="SUN_STANDARD"/>
    <property name="user.country" value="GB"/>
    <property name="sun.boot.library.path" value="C:\Program Files\Java\jdk-17.0.2\bin"/>
    <property name="sun.java.command" value="C:\Users\KOMALC~1\AppData\Local\Temp\surefire312568333184894176\surefirebooter663982778024366799.jar C:\Users\Komal Chauhan\AppData\Local\Temp\surefire312568333184894176 2022-08-02T09-35-54_735-jvmRun1 surefire5605314212705642705tmp surefire_016524682861130955997tmp"/>
    <property name="jdk.debug" value="release"/>
    <property name="surefire.test.class.path" value="C:\Users\Komal Chauhan\Downloads\grpc\grpc-server\target\test-classes;C:\Users\Komal Chauhan\Downloads\grpc\grpc-server\target\classes;C:\Users\Komal Chauhan\.m2\repository\org\springframework\boot\spring-boot-starter\2.7.2\spring-boot-starter-2.7.2.jar;C:\Users\Komal Chauhan\.m2\repository\org\springframework\boot\spring-boot\2.7.2\spring-boot-2.7.2.jar;C:\Users\Komal Chauhan\.m2\repository\org\springframework\spring-context\5.3.22\spring-context-5.3.22.jar;C:\Users\Komal Chauhan\.m2\repository\org\springframework\spring-aop\5.3.22\spring-aop-5.3.22.jar;C:\Users\Komal Chauhan\.m2\repository\org\springframework\spring-beans\5.3.22\spring-beans-5.3.22.jar;C:\Users\Komal Chauhan\.m2\repository\org\springframework\spring-expression\5.3.22\spring-expression-5.3.22.jar;C:\Users\Komal Chauhan\.m2\repository\org\springframework\boot\spring-boot-autoconfigure\2.7.2\spring-boot-autoconfigure-2.7.2.jar;C:\Users\Komal Chauhan\.m2\repository\org\springframework\boot\spring-boot-starter-logging\2.7.2\spring-boot-starter-logging-2.7.2.jar;C:\Users\Komal Chauhan\.m2\repository\ch\qos\logback\logback-classic\1.2.11\logback-classic-1.2.11.jar;C:\Users\Komal Chauhan\.m2\repository\ch\qos\logback\logback-core\1.2.11\logback-core-1.2.11.jar;C:\Users\Komal Chauhan\.m2\repository\org\apache\logging\log4j\log4j-to-slf4j\2.17.2\log4j-to-slf4j-2.17.2.jar;C:\Users\Komal Chauhan\.m2\repository\org\apache\logging\log4j\log4j-api\2.17.2\log4j-api-2.17.2.jar;C:\Users\Komal Chauhan\.m2\repository\org\slf4j\jul-to-slf4j\1.7.36\jul-to-slf4j-1.7.36.jar;C:\Users\Komal Chauhan\.m2\repository\jakarta\annotation\jakarta.annotation-api\1.3.5\jakarta.annotation-api-1.3.5.jar;C:\Users\Komal Chauhan\.m2\repository\org\springframework\spring-core\5.3.22\spring-core-5.3.22.jar;C:\Users\Komal Chauhan\.m2\repository\org\springframework\spring-jcl\5.3.22\spring-jcl-5.3.22.jar;C:\Users\Komal Chauhan\.m2\repository\org\yaml\snakeyaml\1.30\snakeyaml-1.30.jar;C:\Users\Komal Chauhan\.m2\repository\org\springframework\boot\spring-boot-starter-test\2.7.2\spring-boot-starter-test-2.7.2.jar;C:\Users\Komal Chauhan\.m2\repository\org\springframework\boot\spring-boot-test\2.7.2\spring-boot-test-2.7.2.jar;C:\Users\Komal Chauhan\.m2\repository\org\springframework\boot\spring-boot-test-autoconfigure\2.7.2\spring-boot-test-autoconfigure-2.7.2.jar;C:\Users\Komal Chauhan\.m2\repository\com\jayway\jsonpath\json-path\2.7.0\json-path-2.7.0.jar;C:\Users\Komal Chauhan\.m2\repository\net\minidev\json-smart\2.4.8\json-smart-2.4.8.jar;C:\Users\Komal Chauhan\.m2\repository\net\minidev\accessors-smart\2.4.8\accessors-smart-2.4.8.jar;C:\Users\Komal Chauhan\.m2\repository\org\ow2\asm\asm\9.1\asm-9.1.jar;C:\Users\Komal Chauhan\.m2\repository\org\slf4j\slf4j-api\1.7.36\slf4j-api-1.7.36.jar;C:\Users\Komal Chauhan\.m2\repository\jakarta\xml\bind\jakarta.xml.bind-api\2.3.3\jakarta.xml.bind-api-2.3.3.jar;C:\Users\Komal Chauhan\.m2\repository\jakarta\activation\jakarta.activation-api\1.2.2\jakarta.activation-api-1.2.2.jar;C:\Users\Komal Chauhan\.m2\repository\org\assertj\assertj-core\3.22.0\assertj-core-3.22.0.jar;C:\Users\Komal Chauhan\.m2\repository\org\hamcrest\hamcrest\2.2\hamcrest-2.2.jar;C:\Users\Komal Chauhan\.m2\repository\org\junit\jupiter\junit-jupiter\5.8.2\junit-jupiter-5.8.2.jar;C:\Users\Komal Chauhan\.m2\repository\org\junit\jupiter\junit-jupiter-api\5.8.2\junit-jupiter-api-5.8.2.jar;C:\Users\Komal Chauhan\.m2\repository\org\opentest4j\opentest4j\1.2.0\opentest4j-1.2.0.jar;C:\Users\Komal Chauhan\.m2\repository\org\junit\platform\junit-platform-commons\1.8.2\junit-platform-commons-1.8.2.jar;C:\Users\Komal Chauhan\.m2\repository\org\apiguardian\apiguardian-api\1.1.2\apiguardian-api-1.1.2.jar;C:\Users\Komal Chauhan\.m2\repository\org\junit\jupiter\junit-jupiter-params\5.8.2\junit-jupiter-params-5.8.2.jar;C:\Users\Komal Chauhan\.m2\repository\org\junit\jupiter\junit-jupiter-engine\5.8.2\junit-jupiter-engine-5.8.2.jar;C:\Users\Komal Chauhan\.m2\repository\org\junit\platform\junit-platform-engine\1.8.2\junit-platform-engine-1.8.2.jar;C:\Users\Komal Chauhan\.m2\repository\org\mockito\mockito-core\4.5.1\mockito-core-4.5.1.jar;C:\Users\Komal Chauhan\.m2\repository\net\bytebuddy\byte-buddy\1.12.12\byte-buddy-1.12.12.jar;C:\Users\Komal Chauhan\.m2\repository\net\bytebuddy\byte-buddy-agent\1.12.12\byte-buddy-agent-1.12.12.jar;C:\Users\Komal Chauhan\.m2\repository\org\objenesis\objenesis\3.2\objenesis-3.2.jar;C:\Users\Komal Chauhan\.m2\repository\org\mockito\mockito-junit-jupiter\4.5.1\mockito-junit-jupiter-4.5.1.jar;C:\Users\Komal Chauhan\.m2\repository\org\skyscreamer\jsonassert\1.5.1\jsonassert-1.5.1.jar;C:\Users\Komal Chauhan\.m2\repository\com\vaadin\external\google\android-json\0.0.20131108.vaadin1\android-json-0.0.20131108.vaadin1.jar;C:\Users\Komal Chauhan\.m2\repository\org\springframework\spring-test\5.3.22\spring-test-5.3.22.jar;C:\Users\Komal Chauhan\.m2\repository\org\xmlunit\xmlunit-core\2.9.0\xmlunit-core-2.9.0.jar;C:\Users\Komal Chauhan\.m2\repository\io\grpc\grpc-stub\1.30.0\grpc-stub-1.30.0.jar;C:\Users\Komal Chauhan\.m2\repository\io\grpc\grpc-api\1.30.0\grpc-api-1.30.0.jar;C:\Users\Komal Chauhan\.m2\repository\io\grpc\grpc-context\1.30.0\grpc-context-1.30.0.jar;C:\Users\Komal Chauhan\.m2\repository\com\google\guava\guava\28.2-android\guava-28.2-android.jar;C:\Users\Komal Chauhan\.m2\repository\com\google\guava\failureaccess\1.0.1\failureaccess-1.0.1.jar;C:\Users\Komal Chauhan\.m2\repository\com\google\guava\listenablefuture\9999.0-empty-to-avoid-conflict-with-guava\listenablefuture-9999.0-empty-to-avoid-conflict-with-guava.jar;C:\Users\Komal Chauhan\.m2\repository\org\checkerframework\checker-compat-qual\2.5.5\checker-compat-qual-2.5.5.jar;C:\Users\Komal Chauhan\.m2\repository\com\google\j2objc\j2objc-annotations\1.3\j2objc-annotations-1.3.jar;C:\Users\Komal Chauhan\.m2\repository\com\google\errorprone\error_prone_annotations\2.3.4\error_prone_annotations-2.3.4.jar;C:\Users\Komal Chauhan\.m2\repository\org\codehaus\mojo\animal-sniffer-annotations\1.18\animal-sniffer-annotations-1.18.jar;C:\Users\Komal Chauhan\.m2\repository\com\google\code\findbugs\jsr305\3.0.2\jsr305-3.0.2.jar;C:\Users\Komal Chauhan\.m2\repository\io\grpc\grpc-protobuf\1.30.0\grpc-protobuf-1.30.0.jar;C:\Users\Komal Chauhan\.m2\repository\com\google\protobuf\protobuf-java\3.12.0\protobuf-java-3.12.0.jar;C:\Users\Komal Chauhan\.m2\repository\com\google\api\grpc\proto-google-common-protos\1.17.0\proto-google-common-protos-1.17.0.jar;C:\Users\Komal Chauhan\.m2\repository\io\grpc\grpc-protobuf-lite\1.30.0\grpc-protobuf-lite-1.30.0.jar;C:\Users\Komal Chauhan\.m2\repository\net\devh\grpc-spring-boot-starter\2.9.0.RELEASE\grpc-spring-boot-starter-2.9.0.RELEASE.jar;C:\Users\Komal Chauhan\.m2\repository\net\devh\grpc-server-spring-boot-starter\2.9.0.RELEASE\grpc-server-spring-boot-starter-2.9.0.RELEASE.jar;C:\Users\Komal Chauhan\.m2\repository\net\devh\grpc-server-spring-boot-autoconfigure\2.9.0.RELEASE\grpc-server-spring-boot-autoconfigure-2.9.0.RELEASE.jar;C:\Users\Komal Chauhan\.m2\repository\net\devh\grpc-common-spring-boot\2.9.0.RELEASE\grpc-common-spring-boot-2.9.0.RELEASE.jar;C:\Users\Komal Chauhan\.m2\repository\io\grpc\grpc-core\1.30.0\grpc-core-1.30.0.jar;C:\Users\Komal Chauhan\.m2\repository\com\google\code\gson\gson\2.9.0\gson-2.9.0.jar;C:\Users\Komal Chauhan\.m2\repository\com\google\android\annotations\4.1.1.4\annotations-4.1.1.4.jar;C:\Users\Komal Chauhan\.m2\repository\io\perfmark\perfmark-api\0.19.0\perfmark-api-0.19.0.jar;C:\Users\Komal Chauhan\.m2\repository\io\grpc\grpc-netty-shaded\1.30.0\grpc-netty-shaded-1.30.0.jar;C:\Users\Komal Chauhan\.m2\repository\io\grpc\grpc-services\1.30.0\grpc-services-1.30.0.jar;C:\Users\Komal Chauhan\.m2\repository\com\google\protobuf\protobuf-java-util\3.12.0\protobuf-java-util-3.12.0.jar;C:\Users\Komal Chauhan\.m2\repository\net\devh\grpc-client-spring-boot-starter\2.9.0.RELEASE\grpc-client-spring-boot-starter-2.9.0.RELEASE.jar;C:\Users\Komal Chauhan\.m2\repository\net\devh\grpc-client-spring-boot-autoconfigure\2.9.0.RELEASE\grpc-client-spring-boot-autoconfigure-2.9.0.RELEASE.jar;"/>
    <property name="sun.cpu.endian" value="little"/>
    <property name="user.home" value="C:\Users\Komal Chauhan"/>
    <property name="user.language" value="en"/>
    <property name="java.specification.vendor" value="Oracle Corporation"/>
    <property name="java.version.date" value="2022-01-18"/>
    <property name="java.home" value="C:\Program Files\Java\jdk-17.0.2"/>
    <property name="file.separator" value="\"/>
    <property name="basedir" value="C:\Users\Komal Chauhan\Downloads\grpc\grpc-server"/>
    <property name="java.vm.compressedOopsMode" value="32-bit"/>
    <property name="line.separator" value="&#10;"/>
    <property name="java.vm.specification.vendor" value="Oracle Corporation"/>
    <property name="java.specification.name" value="Java Platform API Specification"/>
    <property name="surefire.real.class.path" value="C:\Users\KOMALC~1\AppData\Local\Temp\surefire312568333184894176\surefirebooter663982778024366799.jar"/>
    <property name="user.script" value=""/>
    <property name="sun.management.compiler" value="HotSpot 64-Bit Tiered Compilers"/>
    <property name="java.runtime.version" value="17.0.2+8-LTS-86"/>
    <property name="user.name" value="Komal Chauhan"/>
    <property name="path.separator" value=";"/>
    <property name="os.version" value="10.0"/>
    <property name="java.runtime.name" value="Java(TM) SE Runtime Environment"/>
    <property name="file.encoding" value="Cp1252"/>
    <property name="java.vm.name" value="Java HotSpot(TM) 64-Bit Server VM"/>
    <property name="localRepository" value="C:\Users\Komal Chauhan\.m2\repository"/>
    <property name="java.vendor.url.bug" value="https://bugreport.java.com/bugreport/"/>
    <property name="java.io.tmpdir" value="C:\Users\KOMALC~1\AppData\Local\Temp\"/>
    <property name="java.version" value="17.0.2"/>
    <property name="user.dir" value="C:\Users\Komal Chauhan\Downloads\grpc\grpc-server"/>
    <property name="os.arch" value="amd64"/>
    <property name="java.vm.specification.name" value="Java Virtual Machine Specification"/>
    <property name="sun.os.patch.level" value=""/>
    <property name="native.encoding" value="Cp1252"/>
    <property name="java.library.path" value="C:\Program Files\Java\jdk-17.0.2\bin;C:\Windows\Sun\Java\bin;C:\Windows\system32;C:\Windows;C:/Program Files/Java/jdk-17.0.2/bin/server;C:/Program Files/Java/jdk-17.0.2/bin;C:\Users\Komal Chauhan\Downloads\graalvm-ce-java17-22.1.0\bin;C:\Program Files\Java\jdk-17.0.2\bin;C:\Python310\Scripts\;C:\Python310\;C:\Program Files\Common Files\Oracle\Java\javapath;C:\Windows\system32;C:\Windows;C:\Windows\System32\Wbem;C:\Windows\System32\WindowsPowerShell\v1.0\;C:\Windows\System32\OpenSSH\;C:\Program Files (x86)\NVIDIA Corporation\PhysX\Common;C:\Program Files\NVIDIA Corporation\NVIDIA NvDLISR;C:\Program Files\nodejs\;C:\ProgramData\chocolatey\bin;C:\Program Files\Git\cmd;C:\Users\Komal Chauhan\node_modules\ngrok\bin;C:\Program Files\Docker\Docker\resources\bin;C:\ProgramData\DockerDesktop\version-bin;C:\Program Files\Kubernetes\Minikube;C:\Program Files\apache-maven-3.8.6\bin;C:\Program Files\dotnet\;C:\Program Files\MySQL\MySQL Shell 8.0\bin\;C:\Users\Komal Chauhan\AppData\Local\Microsoft\WindowsApps;C:\Users\Komal Chauhan\AppData\Local\Programs\Microsoft VS Code\bin;C:\Program Files\JetBrains\IntelliJ IDEA Community Edition 2021.3.2\bin;;C:\Users\Komal Chauhan\AppData\Roaming\npm;C:\Users\Komal Chauhan\AppData\Local\GitHubDesktop\bin;C:\Users\Komal Chauhan\node_modules\ngrok\bin;C:\Program Files\apache-maven-3.8.6\bin;;C:\Windows\system32;;."/>
    <property name="java.vm.info" value="mixed mode, sharing"/>
    <property name="java.vendor" value="Oracle Corporation"/>
    <property name="java.vm.version" value="17.0.2+8-LTS-86"/>
    <property name="sun.io.unicode.encoding" value="UnicodeLittle"/>
    <property name="java.class.version" value="61.0"/>
  </properties>
  <testcase name="contextLoads" classname="com.optum.grpcserver.GrpcServerApplicationTests" time="0.519"/>
</testsuite>